<?xml version="1.0" encoding="UTF-8"?>
<testsuite name="CreateOrderUseCase - caso de uso crear orden" tests="4" skipped="0" failures="0" errors="0" timestamp="2026-06-03T01:48:00" hostname="NELSON-ORTIZ" time="0.083">
  <properties/>
  <testcase name="Lanza NullPointerException cuando customerId es nulo" classname="com.bancolombia.orders.application.usecase.CreateOrderUseCaseTest" time="0.054"/>
  <testcase name="Crea orden exitosamente y retorna la orden guardada" classname="com.bancolombia.orders.application.usecase.CreateOrderUseCaseTest" time="0.016"/>
  <testcase name="Guarda la orden a traves del puerto de salida" classname="com.bancolombia.orders.application.usecase.CreateOrderUseCaseTest" time="0.008"/>
  <testcase name="Lanza EmptyOrderException cuando no hay items" classname="com.bancolombia.orders.application.usecase.CreateOrderUseCaseTest" time="0.003"/>
  <system-out><![CDATA[]]></system-out>
  <system-err><![CDATA[]]></system-err>
</testsuite>
